Flow report for eb_controller
Mon Jul 21 19:05:18 2025
Quartus Prime Version 20.1.1 Build 720 11/11/2020 SJ Lite Edition


---------------------
; Table of Contents ;
---------------------
  1. Legal Notice
  2. Flow Summary
  3. Flow Settings
  4. Flow Non-Default Global Settings
  5. Flow Elapsed Time
  6. Flow OS Summary
  7. Flow Log
  8. Flow Messages
  9. Flow Suppressed Messages



----------------
; Legal Notice ;
----------------
Copyright (C) 2020  Intel Corporation. All rights reserved.
Your use of Intel Corporation's design tools, logic functions 
and other software and tools, and any partner logic 
functions, and any output files from any of the foregoing 
(including device programming or simulation files), and any 
associated documentation or information are expressly subject 
to the terms and conditions of the Intel Program License 
Subscription Agreement, the Intel Quartus Prime License Agreement,
the Intel FPGA IP License Agreement, or other applicable license
agreement, including, without limitation, that your use is for
the sole purpose of programming logic devices manufactured by
Intel and sold by Intel or its authorized distributors.  Please
refer to the applicable agreement for further details, at
https://fpgasoftware.intel.com/eula.



+----------------------------------------------------------------------------------+
; Flow Summary                                                                     ;
+------------------------------------+---------------------------------------------+
; Flow Status                        ; Successful - Mon Jul 21 19:05:18 2025       ;
; Quartus Prime Version              ; 20.1.1 Build 720 11/11/2020 SJ Lite Edition ;
; Revision Name                      ; eb_controller                               ;
; Top-level Entity Name              ; eb_controller_top_module                    ;
; Family                             ; Cyclone IV E                                ;
; Device                             ; EP4CE22F17C6                                ;
; Timing Models                      ; Final                                       ;
; Total logic elements               ; 10,742 / 22,320 ( 48 % )                    ;
;     Total combinational functions  ; 8,285 / 22,320 ( 37 % )                     ;
;     Dedicated logic registers      ; 5,877 / 22,320 ( 26 % )                     ;
; Total registers                    ; 5877                                        ;
; Total pins                         ; 31 / 154 ( 20 % )                           ;
; Total virtual pins                 ; 0                                           ;
; Total memory bits                  ; 16,768 / 608,256 ( 3 % )                    ;
; Embedded Multiplier 9-bit elements ; 0 / 132 ( 0 % )                             ;
; Total PLLs                         ; 0 / 4 ( 0 % )                               ;
+------------------------------------+---------------------------------------------+


+-----------------------------------------+
; Flow Settings                           ;
+-------------------+---------------------+
; Option            ; Setting             ;
+-------------------+---------------------+
; Start date & time ; 07/21/2025 19:03:07 ;
; Main task         ; Compilation         ;
; Revision Name     ; eb_controller       ;
+-------------------+---------------------+


+------------------------------------------------------------------------------------------------------------------------------------------------------------------------------------------------------------------------------------------------------------------------------------------------------------------------------------------------------------------------------------------------------------------------------------------------------------------------------------------------------------------------------------------------------------------------+
; Flow Non-Default Global Settings                                                                                                                                                                                                                                                                                                                                                                                                                                                                                                                                       ;
+-------------------------------------+---------------------------------------------------------------------------------------------------------------------------------------------------------------------------------------------------------------------------------------------------------------------------------------------------------------------------------------------------------------------------------------------------------------------------------------------------+---------------+--------------------------+-----------------------------------+
; Assignment Name                     ; Value                                                                                                                                                                                                                                                                                                                                                                                                                                             ; Default Value ; Entity Name              ; Section Id                        ;
+-------------------------------------+---------------------------------------------------------------------------------------------------------------------------------------------------------------------------------------------------------------------------------------------------------------------------------------------------------------------------------------------------------------------------------------------------------------------------------------------------+---------------+--------------------------+-----------------------------------+
; COMPILER_SIGNATURE_ID               ; 220228043696389.175310478712704                                                                                                                                                                                                                                                                                                                                                                                                                   ; --            ; --                       ; --                                ;
; EDA_GENERATE_FUNCTIONAL_NETLIST     ; Off                                                                                                                                                                                                                                                                                                                                                                                                                                               ; --            ; --                       ; eda_board_design_timing           ;
; EDA_GENERATE_FUNCTIONAL_NETLIST     ; Off                                                                                                                                                                                                                                                                                                                                                                                                                                               ; --            ; --                       ; eda_board_design_boundary_scan    ;
; EDA_GENERATE_FUNCTIONAL_NETLIST     ; Off                                                                                                                                                                                                                                                                                                                                                                                                                                               ; --            ; --                       ; eda_board_design_signal_integrity ;
; EDA_GENERATE_FUNCTIONAL_NETLIST     ; Off                                                                                                                                                                                                                                                                                                                                                                                                                                               ; --            ; --                       ; eda_board_design_symbol           ;
; EDA_OUTPUT_DATA_FORMAT              ; Verilog Hdl                                                                                                                                                                                                                                                                                                                                                                                                                                       ; --            ; --                       ; eda_simulation                    ;
; EDA_SIMULATION_TOOL                 ; ModelSim-Altera (Verilog)                                                                                                                                                                                                                                                                                                                                                                                                                         ; <None>        ; --                       ; --                                ;
; EDA_TIME_SCALE                      ; 1 ps                                                                                                                                                                                                                                                                                                                                                                                                                                              ; --            ; --                       ; eda_simulation                    ;
; ENABLE_SIGNALTAP                    ; On                                                                                                                                                                                                                                                                                                                                                                                                                                                ; --            ; --                       ; --                                ;
; MAX_CORE_JUNCTION_TEMP              ; 85                                                                                                                                                                                                                                                                                                                                                                                                                                                ; --            ; --                       ; --                                ;
; MIN_CORE_JUNCTION_TEMP              ; 0                                                                                                                                                                                                                                                                                                                                                                                                                                                 ; --            ; --                       ; --                                ;
; NOMINAL_CORE_SUPPLY_VOLTAGE         ; 1.2V                                                                                                                                                                                                                                                                                                                                                                                                                                              ; --            ; --                       ; --                                ;
; PARTITION_COLOR                     ; -- (Not supported for targeted family)                                                                                                                                                                                                                                                                                                                                                                                                            ; --            ; eb_controller_top_module ; Top                               ;
; PARTITION_FITTER_PRESERVATION_LEVEL ; -- (Not supported for targeted family)                                                                                                                                                                                                                                                                                                                                                                                                            ; --            ; eb_controller_top_module ; Top                               ;
; PARTITION_NETLIST_TYPE              ; -- (Not supported for targeted family)                                                                                                                                                                                                                                                                                                                                                                                                            ; --            ; eb_controller_top_module ; Top                               ;
; POWER_BOARD_THERMAL_MODEL           ; None (CONSERVATIVE)                                                                                                                                                                                                                                                                                                                                                                                                                               ; --            ; --                       ; --                                ;
; POWER_PRESET_COOLING_SOLUTION       ; 23 MM HEAT SINK WITH 200 LFPM AIRFLOW                                                                                                                                                                                                                                                                                                                                                                                                             ; --            ; --                       ; --                                ;
; PROJECT_OUTPUT_DIRECTORY            ; output_files                                                                                                                                                                                                                                                                                                                                                                                                                                      ; --            ; --                       ; --                                ;
; SLD_FILE                            ; db/stp1_auto_stripped.stp                                                                                                                                                                                                                                                                                                                                                                                                                         ; --            ; --                       ; --                                ;
; SLD_NODE_CREATOR_ID                 ; 110                                                                                                                                                                                                                                                                                                                                                                                                                                               ; --            ; --                       ; auto_signaltap_0                  ;
; SLD_NODE_ENTITY_NAME                ; sld_signaltap                                                                                                                                                                                                                                                                                                                                                                                                                                     ; --            ; --                       ; auto_signaltap_0                  ;
; SLD_NODE_PARAMETER_ASSIGNMENT       ; SLD_RAM_BLOCK_TYPE=AUTO                                                                                                                                                                                                                                                                                                                                                                                                                           ; --            ; --                       ; auto_signaltap_0                  ;
; SLD_NODE_PARAMETER_ASSIGNMENT       ; SLD_NODE_INFO=805334528                                                                                                                                                                                                                                                                                                                                                                                                                           ; --            ; --                       ; auto_signaltap_0                  ;
; SLD_NODE_PARAMETER_ASSIGNMENT       ; SLD_POWER_UP_TRIGGER=0                                                                                                                                                                                                                                                                                                                                                                                                                            ; --            ; --                       ; auto_signaltap_0                  ;
; SLD_NODE_PARAMETER_ASSIGNMENT       ; SLD_STORAGE_QUALIFIER_INVERSION_MASK_LENGTH=0                                                                                                                                                                                                                                                                                                                                                                                                     ; --            ; --                       ; auto_signaltap_0                  ;
; SLD_NODE_PARAMETER_ASSIGNMENT       ; SLD_SEGMENT_SIZE=128                                                                                                                                                                                                                                                                                                                                                                                                                              ; --            ; --                       ; auto_signaltap_0                  ;
; SLD_NODE_PARAMETER_ASSIGNMENT       ; SLD_ATTRIBUTE_MEM_MODE=OFF                                                                                                                                                                                                                                                                                                                                                                                                                        ; --            ; --                       ; auto_signaltap_0                  ;
; SLD_NODE_PARAMETER_ASSIGNMENT       ; SLD_STATE_FLOW_USE_GENERATED=0                                                                                                                                                                                                                                                                                                                                                                                                                    ; --            ; --                       ; auto_signaltap_0                  ;
; SLD_NODE_PARAMETER_ASSIGNMENT       ; SLD_STATE_BITS=11                                                                                                                                                                                                                                                                                                                                                                                                                                 ; --            ; --                       ; auto_signaltap_0                  ;
; SLD_NODE_PARAMETER_ASSIGNMENT       ; SLD_BUFFER_FULL_STOP=1                                                                                                                                                                                                                                                                                                                                                                                                                            ; --            ; --                       ; auto_signaltap_0                  ;
; SLD_NODE_PARAMETER_ASSIGNMENT       ; SLD_CURRENT_RESOURCE_WIDTH=1                                                                                                                                                                                                                                                                                                                                                                                                                      ; --            ; --                       ; auto_signaltap_0                  ;
; SLD_NODE_PARAMETER_ASSIGNMENT       ; SLD_INCREMENTAL_ROUTING=1                                                                                                                                                                                                                                                                                                                                                                                                                         ; --            ; --                       ; auto_signaltap_0                  ;
; SLD_NODE_PARAMETER_ASSIGNMENT       ; SLD_TRIGGER_LEVEL=1                                                                                                                                                                                                                                                                                                                                                                                                                               ; --            ; --                       ; auto_signaltap_0                  ;
; SLD_NODE_PARAMETER_ASSIGNMENT       ; SLD_SAMPLE_DEPTH=128                                                                                                                                                                                                                                                                                                                                                                                                                              ; --            ; --                       ; auto_signaltap_0                  ;
; SLD_NODE_PARAMETER_ASSIGNMENT       ; SLD_TRIGGER_IN_ENABLED=0                                                                                                                                                                                                                                                                                                                                                                                                                          ; --            ; --                       ; auto_signaltap_0                  ;
; SLD_NODE_PARAMETER_ASSIGNMENT       ; SLD_TRIGGER_PIPELINE=0                                                                                                                                                                                                                                                                                                                                                                                                                            ; --            ; --                       ; auto_signaltap_0                  ;
; SLD_NODE_PARAMETER_ASSIGNMENT       ; SLD_RAM_PIPELINE=0                                                                                                                                                                                                                                                                                                                                                                                                                                ; --            ; --                       ; auto_signaltap_0                  ;
; SLD_NODE_PARAMETER_ASSIGNMENT       ; SLD_COUNTER_PIPELINE=0                                                                                                                                                                                                                                                                                                                                                                                                                            ; --            ; --                       ; auto_signaltap_0                  ;
; SLD_NODE_PARAMETER_ASSIGNMENT       ; SLD_ADVANCED_TRIGGER_ENTITY=basic,1,                                                                                                                                                                                                                                                                                                                                                                                                              ; --            ; --                       ; auto_signaltap_0                  ;
; SLD_NODE_PARAMETER_ASSIGNMENT       ; SLD_TRIGGER_LEVEL_PIPELINE=1                                                                                                                                                                                                                                                                                                                                                                                                                      ; --            ; --                       ; auto_signaltap_0                  ;
; SLD_NODE_PARAMETER_ASSIGNMENT       ; SLD_ENABLE_ADVANCED_TRIGGER=0                                                                                                                                                                                                                                                                                                                                                                                                                     ; --            ; --                       ; auto_signaltap_0                  ;
; SLD_NODE_PARAMETER_ASSIGNMENT       ; SLD_DATA_BITS=131                                                                                                                                                                                                                                                                                                                                                                                                                                 ; --            ; --                       ; auto_signaltap_0                  ;
; SLD_NODE_PARAMETER_ASSIGNMENT       ; SLD_TRIGGER_BITS=131                                                                                                                                                                                                                                                                                                                                                                                                                              ; --            ; --                       ; auto_signaltap_0                  ;
; SLD_NODE_PARAMETER_ASSIGNMENT       ; SLD_STORAGE_QUALIFIER_BITS=131                                                                                                                                                                                                                                                                                                                                                                                                                    ; --            ; --                       ; auto_signaltap_0                  ;
; SLD_NODE_PARAMETER_ASSIGNMENT       ; SLD_INVERSION_MASK=000000000000000000000000000000000000000000000000000000000000000000000000000000000000000000000000000000000000000000000000000000000000000000000000000000000000000000000000000000000000000000000000000000000000000000000000000000000000000000000000000000000000000000000000000000000000000000000000000000000000000000000000000000000000000000000000000000000000000000000000000000000000000000000000000000000000000000000000000000 ; --            ; --                       ; auto_signaltap_0                  ;
; SLD_NODE_PARAMETER_ASSIGNMENT       ; SLD_INVERSION_MASK_LENGTH=414                                                                                                                                                                                                                                                                                                                                                                                                                     ; --            ; --                       ; auto_signaltap_0                  ;
; TOP_LEVEL_ENTITY                    ; eb_controller_top_module                                                                                                                                                                                                                                                                                                                                                                                                                          ; eb_controller ; --                       ; --                                ;
; USE_SIGNALTAP_FILE                  ; stp1.stp                                                                                                                                                                                                                                                                                                                                                                                                                                          ; --            ; --                       ; --                                ;
+-------------------------------------+---------------------------------------------------------------------------------------------------------------------------------------------------------------------------------------------------------------------------------------------------------------------------------------------------------------------------------------------------------------------------------------------------------------------------------------------------+---------------+--------------------------+-----------------------------------+


+--------------------------------------------------------------------------------------------------------------------------+
; Flow Elapsed Time                                                                                                        ;
+----------------------+--------------+-------------------------+---------------------+------------------------------------+
; Module Name          ; Elapsed Time ; Average Processors Used ; Peak Virtual Memory ; Total CPU Time (on all processors) ;
+----------------------+--------------+-------------------------+---------------------+------------------------------------+
; Analysis & Synthesis ; 00:01:15     ; 1.0                     ; 4947 MB             ; 00:01:34                           ;
; Fitter               ; 00:00:34     ; 1.1                     ; 5659 MB             ; 00:00:47                           ;
; Assembler            ; 00:00:02     ; 1.0                     ; 4716 MB             ; 00:00:02                           ;
; Timing Analyzer      ; 00:00:05     ; 1.3                     ; 4882 MB             ; 00:00:05                           ;
; EDA Netlist Writer   ; 00:00:05     ; 1.0                     ; 4689 MB             ; 00:00:04                           ;
; Total                ; 00:02:01     ; --                      ; --                  ; 00:02:32                           ;
+----------------------+--------------+-------------------------+---------------------+------------------------------------+


+------------------------------------------------------------------------------------+
; Flow OS Summary                                                                    ;
+----------------------+------------------+------------+------------+----------------+
; Module Name          ; Machine Hostname ; OS Name    ; OS Version ; Processor type ;
+----------------------+------------------+------------+------------+----------------+
; Analysis & Synthesis ; DESKTOP-JFF140U  ; Windows 10 ; 10.0       ; x86_64         ;
; Fitter               ; DESKTOP-JFF140U  ; Windows 10 ; 10.0       ; x86_64         ;
; Assembler            ; DESKTOP-JFF140U  ; Windows 10 ; 10.0       ; x86_64         ;
; Timing Analyzer      ; DESKTOP-JFF140U  ; Windows 10 ; 10.0       ; x86_64         ;
; EDA Netlist Writer   ; DESKTOP-JFF140U  ; Windows 10 ; 10.0       ; x86_64         ;
+----------------------+------------------+------------+------------+----------------+


------------
; Flow Log ;
------------
quartus_map --read_settings_files=on --write_settings_files=off eb_controller -c eb_controller
quartus_fit --read_settings_files=off --write_settings_files=off eb_controller -c eb_controller
quartus_asm --read_settings_files=off --write_settings_files=off eb_controller -c eb_controller
quartus_sta eb_controller -c eb_controller
quartus_eda --read_settings_files=off --write_settings_files=off eb_controller -c eb_controller



